[    0.000000] Linux version 4.15.0-38-generic (buildd@lcy01-amd64-023) (gcc version 7.3.0 (Ubuntu 7.3.0-16ubuntu3)) #41-Ubuntu SMP Wed Oct 10 10:59:38 UTC 2018 (Ubuntu 4.15.0-38.41-generic 4.15.18)
[    0.000000] Command line: BOOT_IMAGE=/boot/vmlinuz-4.15.0-38-generic root=LABEL=cloudimg-rootfs ro console=tty1 console=ttyS0
[    0.000000] KERNEL supported cpus:
[    0.000000]   Intel GenuineIntel
[    0.000000]   AMD AuthenticAMD
[    0.000000]   Centaur CentaurHauls
[    0.000000] x86/fpu: Supporting XSAVE feature 0x001: 'x87 floating point registers'
[    0.000000] x86/fpu: Supporting XSAVE feature 0x002: 'SSE registers'
[    0.000000] x86/fpu: Supporting XSAVE feature 0x004: 'AVX registers'
[    0.000000] x86/fpu: xstate_offset[2]:  576, xstate_sizes[2]:  256
[    0.000000] x86/fpu: Enabled xstate features 0x7, context size is 832 bytes, using 'standard' format.
[    0.000000] e820: BIOS-provided physical RAM map:
[    0.000000] BIOS-e820: [mem 0x0000000000000000-0x000000000009fbff] usable
[    0.000000] BIOS-e820: [mem 0x000000000009fc00-0x000000000009ffff] reserved
[    0.000000] BIOS-e820: [mem 0x00000000000f0000-0x00000000000fffff] reserved
[    0.000000] BIOS-e820: [mem 0x0000000000100000-0x000000007ffeffff] usable
[    0.000000] BIOS-e820: [mem 0x000000007fff0000-0x000000007fffffff] ACPI data
[    0.000000] BIOS-e820: [mem 0x00000000fec00000-0x00000000fec00fff] reserved
[    0.000000] BIOS-e820: [mem 0x00000000fee00000-0x00000000fee00fff] reserved
[    0.000000] BIOS-e820: [mem 0x00000000fffc0000-0x00000000ffffffff] reserved
[    0.000000] NX (Execute Disable) protection: active
[    0.000000] SMBIOS 2.5 present.
[    0.000000] DMI: innotek GmbH VirtualBox/VirtualBox, BIOS VirtualBox 12/01/2006
[    0.000000] Hypervisor detected: KVM
[    0.000000] e820: last_pfn = 0x7fff0 max_arch_pfn = 0x400000000
[    0.000000] MTRR: Disabled
[    0.000000] x86/PAT: MTRRs disabled, skipping PAT initialization too.
[    0.000000] CPU MTRRs all blank - virtualized system.
[    0.000000] x86/PAT: Configuration [0-7]: WB  WT  UC- UC  WB  WT  UC- UC  
[    0.000000] found SMP MP-table at [mem 0x0009fff0-0x0009ffff] mapped at [        (ptrval)]
[    0.000000] Scanning 1 areas for low memory corruption
[    0.000000] RAMDISK: [mem 0x35ae3000-0x36d68fff]
[    0.000000] ACPI: Early table checksum verification disabled
[    0.000000] ACPI: RSDP 0x00000000000E0000 000024 (v02 VBOX  )
[    0.000000] ACPI: XSDT 0x000000007FFF0030 00003C (v01 VBOX   VBOXXSDT 00000001 ASL  00000061)
[    0.000000] ACPI: FACP 0x000000007FFF00F0 0000F4 (v04 VBOX   VBOXFACP 00000001 ASL  00000061)
[    0.000000] ACPI: DSDT 0x000000007FFF0470 0021FF (v02 VBOX   VBOXBIOS 00000002 INTL 20180810)
[    0.000000] ACPI: FACS 0x000000007FFF0200 000040
[    0.000000] ACPI: FACS 0x000000007FFF0200 000040
[    0.000000] ACPI: APIC 0x000000007FFF0240 00005C (v02 VBOX   VBOXAPIC 00000001 ASL  00000061)
[    0.000000] ACPI: SSDT 0x000000007FFF02A0 0001CC (v01 VBOX   VBOXCPUT 00000002 INTL 20180810)
[    0.000000] No NUMA configuration found
[    0.000000] Faking a node at [mem 0x0000000000000000-0x000000007ffeffff]
[    0.000000] NODE_DATA(0) allocated [mem 0x7ffc5000-0x7ffeffff]
[    0.000000] kvm-clock: cpu 0, msr 0:7ff44001, primary cpu clock
[    0.000000] kvm-clock: Using msrs 4b564d01 and 4b564d00
[    0.000000] kvm-clock: using sched offset of 3436483328 cycles
[    0.000000] clocksource: kvm-clock: mask: 0xffffffffffffffff max_cycles: 0x1cd42e4dffb, max_idle_ns: 881590591483 ns
[    0.000000] Zone ranges:
[    0.000000]   DMA      [mem 0x0000000000001000-0x0000000000ffffff]
[    0.000000]   DMA32    [mem 0x0000000001000000-0x000000007ffeffff]
[    0.000000]   Normal   empty
[    0.000000]   Device   empty
[    0.000000] Movable zone start for each node
[    0.000000] Early memory node ranges
[    0.000000]   node   0: [mem 0x0000000000001000-0x000000000009efff]
[    0.000000]   node   0: [mem 0x0000000000100000-0x000000007ffeffff]
[    0.000000] Initmem setup node 0 [mem 0x0000000000001000-0x000000007ffeffff]
[    0.000000] Reserved but unavailable: 98 pages
[    0.000000] ACPI: PM-Timer IO Port: 0x4008
[    0.000000] IOAPIC[0]: apic_id 2, version 32, address 0xfec00000, GSI 0-23
[    0.000000] ACPI: INT_SRC_OVR (bus 0 bus_irq 0 global_irq 2 dfl dfl)
[    0.000000] ACPI: INT_SRC_OVR (bus 0 bus_irq 9 global_irq 9 low level)
[    0.000000] Using ACPI (MADT) for SMP configuration information
[    0.000000] smpboot: Allowing 2 CPUs, 0 hotplug CPUs
[    0.000000] PM: Registered nosave memory: [mem 0x00000000-0x00000fff]
[    0.000000] PM: Registered nosave memory: [mem 0x0009f000-0x0009ffff]
[    0.000000] PM: Registered nosave memory: [mem 0x000a0000-0x000effff]
[    0.000000] PM: Registered nosave memory: [mem 0x000f0000-0x000fffff]
[    0.000000] e820: [mem 0x80000000-0xfebfffff] available for PCI devices
[    0.000000] Booting paravirtualized kernel on KVM
[    0.000000] clocksource: refined-jiffies: mask: 0xffffffff max_cycles: 0xffffffff, max_idle_ns: 7645519600211568 ns
[    0.000000] random: get_random_bytes called from start_kernel+0x99/0x4fd with crng_init=0
[    0.000000] setup_percpu: NR_CPUS:8192 nr_cpumask_bits:2 nr_cpu_ids:2 nr_node_ids:1
[    0.000000] percpu: Embedded 46 pages/cpu @        (ptrval) s151552 r8192 d28672 u1048576
[    0.000000] PV qspinlock hash table entries: 256 (order: 0, 4096 bytes)
[    0.000000] Built 1 zonelists, mobility grouping on.  Total pages: 515961
[    0.000000] Policy zone: DMA32
[    0.000000] Kernel command line: BOOT_IMAGE=/boot/vmlinuz-4.15.0-38-generic root=LABEL=cloudimg-rootfs ro console=tty1 console=ttyS0
[    0.000000] Memory: 2015808K/2096696K available (12300K kernel code, 2472K rwdata, 4248K rodata, 2408K init, 2416K bss, 80888K reserved, 0K cma-reserved)
[    0.000000] SLUB: HWalign=64, Order=0-3, MinObjects=0, CPUs=2, Nodes=1
[    0.000000] Kernel/User page tables isolation: enabled
[    0.000000] ftrace: allocating 39175 entries in 154 pages
[    0.004000] Hierarchical RCU implementation.
[    0.004000] 	RCU restricting CPUs from NR_CPUS=8192 to nr_cpu_ids=2.
[    0.004000] 	Tasks RCU enabled.
[    0.004000] RCU: Adjusting geometry for rcu_fanout_leaf=16, nr_cpu_ids=2
[    0.004000] NR_IRQS: 524544, nr_irqs: 440, preallocated irqs: 16
[    0.004000] Console: colour VGA+ 80x25
[    0.004000] console [tty1] enabled
[    0.004000] console [ttyS0] enabled
[    0.004000] ACPI: Core revision 20170831
[    0.004000] ACPI: 2 ACPI AML tables successfully acquired and loaded
[    0.004000] APIC: Switch to symmetric I/O mode setup
[    0.004000] x2apic enabled
[    0.004000] Switched APIC routing to physical x2apic.
[    0.004000] ..TIMER: vector=0x30 apic1=0 pin1=2 apic2=-1 pin2=-1
[    0.004005] tsc: Detected 2591.956 MHz processor
[    0.004655] Calibrating delay loop (skipped) preset value.. 5183.91 BogoMIPS (lpj=10367824)
[    0.008008] pid_max: default: 32768 minimum: 301
[    0.012039] Security Framework initialized
[    0.012759] Yama: becoming mindful.
[    0.013387] AppArmor: AppArmor initialized
[    0.014723] Dentry cache hash table entries: 262144 (order: 9, 2097152 bytes)
[    0.016517] Inode-cache hash table entries: 131072 (order: 8, 1048576 bytes)
[    0.017723] Mount-cache hash table entries: 4096 (order: 3, 32768 bytes)
[    0.018784] Mountpoint-cache hash table entries: 4096 (order: 3, 32768 bytes)
[    0.020238] mce: CPU supports 0 MCE banks
[    0.020939] Last level iTLB entries: 4KB 64, 2MB 8, 4MB 8
[    0.021819] Last level dTLB entries: 4KB 64, 2MB 0, 4MB 0, 1GB 4
[    0.022784] Spectre V2 : Mitigation: Full generic retpoline
[    0.023715] Spectre V2 : Spectre v2 / SpectreRSB mitigation: Filling RSB on context switch
[    0.024006] Speculative Store Bypass: Vulnerable
[    0.024877] Freeing SMP alternatives memory: 36K
[    0.032000] smpboot: CPU0: Intel(R) Core(TM) i7-6500U CPU @ 2.50GHz (family: 0x6, model: 0x4e, stepping: 0x3)
[    0.032084] Performance Events: unsupported p6 CPU model 78 no PMU driver, software events only.
[    0.036051] Hierarchical SRCU implementation.
[    0.037304] NMI watchdog: Perf event create on CPU 0 failed with -2
[    0.040007] NMI watchdog: Perf NMI watchdog permanently disabled
[    0.041221] smp: Bringing up secondary CPUs ...
[    0.042206] x86: Booting SMP configuration:
[    0.044003] .... node  #0, CPUs:      #1
[    0.004000] kvm-clock: cpu 1, msr 0:7ff44041, secondary cpu clock
[    0.004000] mce: CPU supports 0 MCE banks
[    0.048042] smp: Brought up 1 node, 2 CPUs
[    0.048938] smpboot: Max logical packages: 1
[    0.049933] smpboot: Total of 2 processors activated (10367.82 BogoMIPS)
[    0.051474] devtmpfs: initialized
[    0.052081] x86/mm: Memory block size: 128MB
[    0.053296] evm: security.selinux
[    0.056007] evm: security.SMACK64
[    0.060004] evm: security.SMACK64EXEC
[    0.060896] evm: security.SMACK64TRANSMUTE
[    0.061883] evm: security.SMACK64MMAP
[    0.062760] evm: security.apparmor
[    0.064002] evm: security.ima
[    0.068004] evm: security.capability
[    0.072116] clocksource: jiffies: mask: 0xffffffff max_cycles: 0xffffffff, max_idle_ns: 7645041785100000 ns
[    0.073508] futex hash table entries: 512 (order: 3, 32768 bytes)
[    0.074409] pinctrl core: initialized pinctrl subsystem
[    0.075235] RTC time: 17:43:55, date: 11/05/18
[    0.076133] NET: Registered protocol family 16
[    0.076848] audit: initializing netlink subsys (disabled)
[    0.077627] audit: type=2000 audit(1541439839.762:1): state=initialized audit_enabled=0 res=1
[    0.077627] cpuidle: using governor ladder
[    0.077627] cpuidle: using governor menu
[    0.080038] ACPI: bus type PCI registered
[    0.080624] acpiphp: ACPI Hot Plug PCI Controller Driver version: 0.5
[    0.081746] PCI: Using configuration type 1 for base access
[    0.084627] HugeTLB registered 2.00 MiB page size, pre-allocated 0 pages
[    0.085039] ACPI: Added _OSI(Module Device)
[    0.085039] ACPI: Added _OSI(Processor Device)
[    0.088006] ACPI: Added _OSI(3.0 _SCP Extensions)
[    0.088785] ACPI: Added _OSI(Processor Aggregator Device)
[    0.089674] ACPI: Added _OSI(Linux-Dell-Video)
[    0.092008] ACPI: Added _OSI(Linux-Lenovo-NV-HDMI-Audio)
[    0.096282] ACPI: Executed 1 blocks of module-level executable AML code
[    0.102942] ACPI: Interpreter enabled
[    0.103645] ACPI: (supports S0 S5)
[    0.104007] ACPI: Using IOAPIC for interrupt routing
[    0.105551] PCI: Using host bridge windows from ACPI; if necessary, use "pci=nocrs" and report a bug
[    0.108242] ACPI: Enabled 2 GPEs in block 00 to 07
[    0.118219] ACPI: PCI Root Bridge [PCI0] (domain 0000 [bus 00-ff])
[    0.120018] acpi PNP0A03:00: _OSC: OS supports [ASPM ClockPM Segments MSI]
[    0.124080] acpi PNP0A03:00: _OSC: not requesting OS control; OS requires [ExtendedConfig ASPM ClockPM MSI]
[    0.125933] acpi PNP0A03:00: fail to add MMCONFIG information, can't access extended PCI configuration space under this bridge.
[    0.128470] PCI host bridge to bus 0000:00
[    0.129290] pci_bus 0000:00: root bus resource [io  0x0000-0x0cf7 window]
[    0.132012] pci_bus 0000:00: root bus resource [io  0x0d00-0xffff window]
[    0.133239] pci_bus 0000:00: root bus resource [mem 0x000a0000-0x000bffff window]
[    0.134650] pci_bus 0000:00: root bus resource [mem 0x80000000-0xfdffffff window]
[    0.136011] pci_bus 0000:00: root bus resource [bus 00-ff]
[    0.138888] pci 0000:00:01.1: legacy IDE quirk: reg 0x10: [io  0x01f0-0x01f7]
[    0.140010] pci 0000:00:01.1: legacy IDE quirk: reg 0x14: [io  0x03f6]
[    0.141181] pci 0000:00:01.1: legacy IDE quirk: reg 0x18: [io  0x0170-0x0177]
[    0.144004] pci 0000:00:01.1: legacy IDE quirk: reg 0x1c: [io  0x0376]
[    0.169681] pci 0000:00:07.0: quirk: [io  0x4000-0x403f] claimed by PIIX4 ACPI
[    0.172018] pci 0000:00:07.0: quirk: [io  0x4100-0x410f] claimed by PIIX4 SMB
[    0.181599] ACPI: PCI Interrupt Link [LNKA] (IRQs 5 9 10 *11)
[    0.182951] ACPI: PCI Interrupt Link [LNKB] (IRQs 5 9 *10 11)
[    0.184143] ACPI: PCI Interrupt Link [LNKC] (IRQs 5 *9 10 11)
[    0.185206] ACPI: PCI Interrupt Link [LNKD] (IRQs 5 9 10 *11)
[    0.188400] SCSI subsystem initialized
[    0.189117] pci 0000:00:02.0: vgaarb: setting as boot VGA device
[    0.192000] pci 0000:00:02.0: vgaarb: VGA device added: decodes=io+mem,owns=io+mem,locks=none
[    0.192023] pci 0000:00:02.0: vgaarb: bridge control possible
[    0.193129] vgaarb: loaded
[    0.196066] ACPI: bus type USB registered
[    0.196908] usbcore: registered new interface driver usbfs
[    0.198090] usbcore: registered new interface driver hub
[    0.200044] usbcore: registered new device driver usb
[    0.201257] EDAC MC: Ver: 3.0.0
[    0.201257] PCI: Using ACPI for IRQ routing
[    0.204350] NetLabel: Initializing
[    0.205156] NetLabel:  domain hash size = 128
[    0.206159] NetLabel:  protocols = UNLABELED CIPSOv4 CALIPSO
[    0.207315] NetLabel:  unlabeled traffic allowed by default
[    0.208106] clocksource: Switched to clocksource kvm-clock
[    0.219590] VFS: Disk quotas dquot_6.6.0
[    0.221536] VFS: Dquot-cache hash table entries: 512 (order 0, 4096 bytes)
[    0.222944] AppArmor: AppArmor Filesystem Enabled
[    0.223873] pnp: PnP ACPI init
[    0.225736] pnp: PnP ACPI: found 3 devices
[    0.235580] clocksource: acpi_pm: mask: 0xffffff max_cycles: 0xffffff, max_idle_ns: 2085701024 ns
[    0.237180] NET: Registered protocol family 2
[    0.238190] TCP established hash table entries: 16384 (order: 5, 131072 bytes)
[    0.239421] TCP bind hash table entries: 16384 (order: 6, 262144 bytes)
[    0.241047] TCP: Hash tables configured (established 16384 bind 16384)
[    0.242173] UDP hash table entries: 1024 (order: 3, 32768 bytes)
[    243184] UDP-Lite hash table entries: 1024 (order: 3, 32768 bytes)
[    0.290621] NET: Registered protocol family 1
[    0.291264] pci 0000:00:00.0: Limiting direct PCI/PCI transfers
[    0.292131] pci 0000:00:01.0: Activating ISA DMA hang workarounds
[    0.293029] pci 0000:00:02.0: Video device with shadowed ROM at [mem 0x000c0000-00ff]    0.458302] Unpacking initramfs...

[    0.771455] Freeing initrd memory: 18968K
[    0.772361] platform rtc_cmos: registered platform RTC device (no PNP device found)
[    0.773625] Scanning for low memory corruption every 60 seconds
[    0.775182] Initialise system trusted keyrings
[    0.776459] Key type blacklist registered
[    0.777367] workingset: timestamp_bits=36 max_order=19 bucket_order=0
[    0.780268] zbud: loaded
[    0.781256] squashfs: version 4.0 (2009/01/31) Phillip Lougher
[    0.782455] fuse init (API version 7.26)
[    0.785440] Key type asymmetric registered
[    0.786179] Asymmetric key parser 'x509' registered
[    0.787046] Block layer SCSI generic (bsg) driver version 0.4 loaded (major 246)
[    0.788396] io scheduler noop registered
[    0.789078] io scheduler deadline registered
[    0.789840] io scheduler cfq registered (default)
[    0.791040] ACPI: AC Adapter [AC] (on-line)
[    0.797231] input: Power Button as /devices/LNXSYSTM:00/LNXPWRBN:00/input/input0
[    0.799983] ACPI: Power Button [PWRF]
[    0.800711] input: Sleep Button as /devices/LNXSYSTM:00/LNXSLPBN:00/input/input1
[    0.801938] ACPI: Sleep Button [SLPF]
[    0.803553] ACPI: Battery Slot [BAT0] (battery present)
[    0.804175] Serial: 8250/16550 driver, 32 ports, IRQ sharing enabled
[    0.831736] 00:02: ttyS0 at I/O 0x3f8 (irq = 4, base_baud = 115200) is a 16550A
[    0.839725] Linux agpgart interface v0.103
[    0.891141] loop: module loaded
[    0.892429] scsi host0: ata_piix
[    0.899673] scsi host1: ata_piix
[    0.900367] ata1: PATA max UDMA/33 cmd 0x1f0 ctl 0x3f6 bmdma 0xd000 irq 14
[    0.901506] ata2: PATA max UDMA/33 cmd 0x170 ctl 0x376 bmdma 0xd008 irq 15
[    0.902730] libphy: Fixed MDIO Bus: probed
[    0.913638] tun: Universal TUN/TAP device driver, 1.6
[    0.914559] PPP generic driver version 2.4.2
[    0.918014] ehci_hcd: USB 2.0 'Enhanced' Host Controller (EHCI) Driver
[    0.919083] ehci-pci: EHCI PCI platform driver
[    0.919854] ehci-platform: EHCI generic platform driver
[    0.920792] ohci_hcd: USB 1.1 'Open' Host Controller (OHCI) Driver
[    0.949974] ohci-pci: OHCI PCI platform driver
[    0.951072] ohci-platform: OHCI generic platform driver
[    0.952243] uhci_hcd: USB Universal Host Controller Interface driver
[    0.953775] i8042: PNP: PS/2 Controller [PNP0303:PS2K,PNP0f03:PS2M] at 0x60,0x64 irq 1,12
[    0.958925] serio: i8042 KBD port at 0x60,0x64 irq 1
[    0.959913] serio: i8042 AUX port at 0x60,0x64 irq 12
[    0.969857] mousedev: PS/2 mouse device common for all mice
[    0.971053] input: AT Translated Set 2 keyboard as /devices/platform/i8042/serio0/input/input2
[    0.972839] rtc_cmos rtc_cmos: rtc core: registered rtc_cmos as rtc0
[    0.974138] rtc_cmos rtc_cmos: alarms up to one day, 114 bytes nvram
[    0.975405] i2c /dev entries driver
[    0.976195] pcie_mp2_amd: AMD(R) PCI-E MP2 Communication Driver Version: 1.0
[    0.983060] device-mapper: uevent: version 1.0.3
[    0.984284] device-mapper: ioctl: 4.37.0-ioctl (2017-09-20) initialised: dm-devel@redhat.com
[    0.985907] ledtrig-cpu: registered to indicate activity on CPUs
[    0.987688] NET: Registered protocol family 10
[    0.991905] Segment Routing with IPv6
[    0.992563] NET: Registered protocol family 17
[    0.993278] Key type dns_resolver registered
[    0.994212] RAS: Correctable Errors collector initialized.
[    0.995180] sched_clock: Marking stable (994177551, 0)->(1618643441, -624465890)
[    1.001999] registered taskstats version 1
[    1.002649] Loading compiled-in X.509 certificates
[    1.005560] Loaded X.509 cert 'Build time autogenerated kernel key: f3a9ae7fdf18cf897e7c53db8499a9c1252f0be9'
[    1.007164] zswap: loaded using pool lzo/zbud
[    1.010856] Key type big_key registered
[    1.016951] Key type trusted registered
[    1.019587] Key type encrypted registered
[    1.020206] AppArmor: AppArmor sha1 policy hashing enabled
[    1.021363] ima: No TPM chip found, activating TPM-bypass! (rc=-19)
[    1.022254] ima: Allocated hash algorithm: sha1
[    1.022904] evm: HMAC attrs: 0x1
[    1.023561]   Magic number: 10:892:743
[    1.024209] rtc_cmos rtc_cmos: setting system clock to 2018-11-05 17:43:56 UTC (1541439836)
[    1.025463] BIOS EDD facility v0.16 2004-Jun-25, 0 devices found
[    1.026277] EDD information not available.
[    1.066032] Freeing unused kernel memory: 2408K
[    1.076190] Write protecting the kernel read-only data: 20480k
[    1.085109] Freeing unused kernel memory: 2008K
[    1.094128] Freeing unused kernel memory: 1896K
[    1.109340] x86/mm: Checked W+X mappings: passed, no W+X pages found.
[    1.121526] x86/mm: Checking user space page tables
[    1.128676] x86/mm: Checked W+X mappings: passed, no W+X pages found.
[    2.930159] tsc: Refined TSC clocksource calibration: 2591.641 MHz
[    2.934078] clocksource: tsc: mask: 0xffffffffffffffff max_cycles: 0x255b63bee85, max_idle_ns: 440795295864 ns
Loading, please wait...
starting version 237
[    3.266599] Fusion MPT base driver 3.04.20
[    3.294315] Copyright (c) 1999-2008 LSI Corporation
[    3.312076] AVX2 version of gcm_enc/dec engaged.
[    3.341864] AES CTR mode by8 optimization enabled
[    3.354548] e1000: Intel(R) PRO/1000 Network Driver - version 7.3.21-k8-NAPI
[    3.363764] e1000: Copyright (c) 1999-2006 Intel Corporation.
[    3.365463] Fusion MPT SPI Host driver 3.04.20
[    3.369350] mptbase: ioc0: Initiating bringup
[    3.464365] ioc0: LSI53C1030 A0: Capabilities={Initiator}
[    3.510849] input: ImExPS/2 Generic Explorer Mouse as /devices/platform/i8042/serio1/input/input4
[    3.889749] scsi host2: ioc0: LSI53C1030 A0, FwRev=00000000h, Ports=1, MaxQ=256, IRQ=20
[    4.068484] scsi 2:0:0:0: Direct-Access     VBOX     HARDDISK         1.0  PQ: 0 ANSI: 5
[    4.124099] scsi target2:0:0: Beginning Domain Validation
[    4.137909] scsi target2:0:0: Domain Validation skipping write tests
[    4.139361] scsi target2:0:0: Ending Domain Validation
[    4.140693] scsi target2:0:0: asynchronous
[    4.142149] scsi 2:0:1:0: Direct-Access     VBOX     HARDDISK         1.0  PQ: 0 ANSI: 5
[    4.418764] scsi target2:0:1: Beginning Domain Validation
[    4.427548] random: fast init done
[    4.428550] scsi target2:0:1: Domain Validation skipping write tests
[    4.429613] scsi target2:0:1: Ending Domain Validation
[    4.430452] scsi target2:0:1: asynchronous
[    4.433845] random: systemd-udevd: uninitialized urandom read (16 bytes read)
[    4.435277] random: systemd-udevd: uninitialized urandom read (16 bytes read)
[    4.436265] random: systemd-udevd: uninitialized urandom read (16 bytes read)
[    4.438634] sd 2:0:0:0: Attached scsi generic sg0 type 0
[    4.439970] sd 2:0:0:0: [sda] 20971520 512-byte logical blocks: (10.7 GB/10.0 GiB)
[    4.444169] sd 2:0:0:0: [sda] Write Protect is off
[    4.451865] sd 2:0:1:0: Attached scsi generic sg1 type 0
[    4.453314] sd 2:0:0:0: [sda] Incomplete mode parameter data
[    4.454091] e1000 0000:00:03.0 eth0: (PCI:33MHz:32-bit) 02:84:d8:33:f5:88
[    4.454095] e1000 0000:00:03.0 eth0: Intel(R) PRO/1000 Network Connection
[    4.455347] e1000 0000:00:03.0 enp0s3: renamed from eth0
[    4.459421] sd 2:0:0:0: [sda] Assuming drive cache: write through
[    4.461479] sd 2:0:1:0: [sdb] 20480 512-byte logical blocks: (10.5 MB/10.0 MiB)
[    4.464788]  sda: sda1
[    4.465318] sd 2:0:0:0: [sda] Attached SCSI disk
[    4.501733] sd 2:0:1:0: [sdb] Write Protect is off
[    4.503294] sd 2:0:1:0: [sdb] Incomplete mode parameter data
[    4.504131] sd 2:0:1:0: [sdb] Assuming drive cache: write through
[    4.508343] sd 2:0:1:0: [sdb] Attached SCSI disk
Begin: Loading essential drivers ... [    5.968051] raid6: sse2x1   gen()  9737 MB/s
[    6.020063] raid6: sse2x1   xor()  7075 MB/s
[    6.072055] raid6: sse2x2   gen() 12064 MB/s
[    6.128078] raid6: sse2x2   xor()  7945 MB/s
[    6.180065] raid6: sse2x4   gen() 12928 MB/s
[    6.232081] raid6: sse2x4   xor()  7228 MB/s
[    6.284058] raid6: avx2x1   gen() 16961 MB/s
[    6.336047] raid6: avx2x1   xor() 13963 MB/s
[    6.384049] raid6: avx2x2   gen() 24809 MB/s
[    6.432056] raid6: avx2x2   xor() 14970 MB/s
[    6.480100] raid6: avx2x4   gen() 27907 MB/s
[    6.532071] raid6: avx2x4   xor() 17350 MB/s
[    6.532908] raid6: using algorithm avx2x4 gen() 27907 MB/s
[    6.533819] raid6: .... xor() 17350 MB/s, rmw enabled
[    6.534650] raid6: using avx2x2 recovery algorithm
[    6.536845] xor: automatically using best checksumming function   avx       
[    6.539844] async_tx: api initialized (async)
done.
Begin: Running /scripts/init-premount ... done.
Begin: Mounting root file system ... Begin: Running /scripts/local-top ... done.
Begin: Running /scripts/local-premount ... [    6.589401] Btrfs loaded, crc32c=crc32c-intel
Scanning for Btrfs filesystems
done.
Warning: fsck not present, so skipping root file system
[    6.634009] EXT4-fs (sda1): mounted filesystem with ordered data mode. Opts: (null)
done.
Begin: Running /scripts/local-bottom ... done.
Begin: Running /scripts/init-bottom ... done.
[    6.855165] ip_tables: (C) 2000-2006 Netfilter Core Team
[    6.917662] systemd[1]: systemd 237 running in system mode. (+PAM +AUDIT +SELINUX +IMA +APPARMOR +SMACK +SYSVINIT +UTMP +LIBCRYPTSETUP +GCRYPT +GNUTLS +ACL +XZ +LZ4 +SECCOMP +BLKID +ELFUTILS +KMOD -IDN2 +IDN -PCRE2 default-hierarchy=hybrid)
[    6.933314] systemd[1]: Detected virtualization oracle.
[    6.934162] systemd[1]: Detected architecture x86-64.

Welcome to [1mUbuntu 18.04.1 LTS[0m!

[    6.943897] systemd[1]: Set hostname to <ubuntu>.
[    7.003644] systemd[1]: Initializing machine ID from random generator.
[    7.004719] systemd[1]: Installed transient /etc/machine-id file.
[    7.219565] systemd[1]: Created slice System Slice.
[[0;32m  OK  [0m] Created slice System Slice.
[    7.250797] systemd[1]: Listening on Journal Socket.
[[0;32m  OK  [0m] Listening on Journal Socket.
[    7.253199] systemd[1]: Starting Set the console keyboard layout...
         Starting Set the console keyboard layout...
[    7.256712] systemd[1]: Starting Uncomplicated firewall...
         Starting Uncomplicated firewall...
[[0;32m  OK  [0m] Reached target User and Group Name Lookups.
[[0;32m  OK  [0m] Started Forward Password Requests to Wall Directory Watch.
[[0;32m  OK  [0m] Listening on LVM2 metadata daemon socket.
         Starting Create list of required st…ce nodes for the current kernel...
[[0;32m  OK  [0m] Listening on Syslog Socket.
         Starting Load Kernel Modules...
         Mounting Huge Pages File System...
[    7.384039] Loading iSCSI transport class v2.0-870.
[[0;32m  OK  [0m] Reached target System Time Synchronized.
         Mounting Kernel Debug File System...
[[0;32m  OK  [0m] Listening on Journal Socket (/dev/log).
[[0;32m  OK  [0[    7.394555] iscsi: registered transport (tcp)
m] Listening on udev Control Socket.
         Starting Remount Root and Kernel File Systems...
[[0;32m  OK  [0m] Set up automo[    7.417967] iscsi: registered transport (iser)
unt Arbitrary Executab…rmats F[    7.447780] EXT4-fs (sda1): re-mounted. Opts: (null)
ile System Automount Point.
[[0;32m  OK  [0m] Listening on /dev/initctl Compatibility Named Pipe.
[[0;32m  OK  [0m] Created slice User and Session Slice.
[[0;32m  OK  [0m] Listening on Journal Audit Socket.
         Starting Journal Service...
[[0;32m  OK  [0m] Reached target Slices.
[[0;32m  OK  [0m] Created slice system-serial\x2dgetty.slice.
[[0;32m  OK  [0m] Listening on Device-mapper event daemon FIFOs.
[[0;32m  OK  [0m] Reached target Swap.
[[0;32m  OK  [0m] Listening on Network Service Netlink Socket.
         Starting Monitoring of LVM2 mirrors…ng dmeventd or progress polling...
[[0;32m  OK  [0m] Listening on udev Kernel Socket.
         Starting udev Coldplug all Devices...
         Mounting POSIX Message Queue File System...
[[0;32m  OK  [0m] Listening on LVM2 poll daemon socket.
[[0;32m  OK  [0m] Started Journal Service.
[[0;32m  OK  [0m] Started Set the console keyboard layout.
[[0;32m  OK  [0m] Started Uncomplicated firewall.
[[0;32m  OK  [0m] Started Create list of required sta…vice nodes for the current kernel.
[[0;32m  OK  [0m] Started Load Kernel Modules.
[[0;32m  OK  [0m] Mounted Huge Pages File System.
[[0;32m  OK  [0m] Mounted Kernel Debug File System.
[[0;32m  OK  [0m] Started Remount Root and Kernel File Systems.
[[0;32m  OK  [0m] Mounted POSIX Message Queue File System.
[[0;32m  OK  [0m] Started LVM2 metadata daemon.
         Starting Initial cloud-init job (pre-networking)...
         Starting Load/Save Random Seed...
         Starting Apply Kernel Variables...
         Mounting FUSE Control File System...
         Mounting Kernel Configuration File System...
         Starting Create Static Device Nodes in /dev...
         Starting Flush Journal to Persistent Storage...
[[0;32m  OK  [0m] Started Monitoring of LVM2 mirrors,…sing dmeventd or progress polling.
[[0;32m  OK  [0m] Started udev Coldplug all Devices.
[[0;32m  OK  [0m] Started Load/Save Random Seed.
[[0;32m  OK  [0m] Mounted FUSE Control File System.
[[0;32m  OK  [0m] Mounted Kernel Configuration File System.
[[0;32m  OK  [0m] Started Apply Kernel Variables.
[[0;32m  OK  [0m] Started Create Static Device Nodes in /dev.
         Starting udev Kernel Device Manager...
[[0;32m  OK  [0m] Reached target Local File Systems (Pre).
[[0;32m  OK  [0m] Reached target Local File Systems.
         Starting Set console font and keymap...
         Starting ebtables ruleset management...
         Starting Commit a transient machine-id on disk...
         Starting Tell Plymouth To Write Out Runtime Data...
         Starting AppArmor initialization...
[[0;32m  OK  [0m] Started udev Kernel Device Manager.
[[0;32m  OK  [0m] Started Set console font and keymap.
[[0;32m  OK  [0m] Started Dispatch Password Requests to Console Directory Watch.
[[0;32m  OK  [0m] Reached target Local Encrypted Volumes.
[[0;32m  OK  [0m] Started Tell Plymouth To Write Out Runtime Data.
[[0;32m  OK  [0m] Started Flush Journal to Persistent Storage.
[[0;32m  OK  [0m] Started Commit a transient machine-id on disk.
         Starting Create Volatile Files and Directories...
[[0;32m  OK  [0m] Started Create Volatile Files and Directories.
         Starting Update UTMP about System Boot/Shutdown...
[[0;32m  OK  [0m] Started ebtables ruleset management.
[[0;32m  OK  [0m] Started Update UTMP about System Boot/Shutdown.
[[0;32m  OK  [0m] Found device /dev/ttyS0.
[[0;32m  OK  [0m] Listening on Load/Save RF Kill Switch Status /dev/rfkill Watch.
[[0;32m  OK  [0m] Started AppArmor initialization.
[    9.744544] cloud-init[402]: Cloud-init v. 18.4-0ubuntu1~18.04.1 running 'init-local' at Mon, 05 Nov 2018 17:44:04 +0000. Up 9.31 seconds.
[[0;32m  OK  [0m] Started Initial cloud-init job (pre-networking).
[[0;32m  OK  [0m] Reached target Network (Pre).
         Starting Network Service...
[[0;32m  OK  [0m] Started Network Service.
         Starting Wait for Network to be Configured...
         Starting Network Name Resolution...
[[0;32m  OK  [0m] Started Network Name Resolution.
[[0;32m  OK  [0m] Reached target Network.
[[0;32m  OK  [0m] Reached target Host and Network Name Lookups.
[[0;32m  OK  [0m] Started Wait for Network to be Configured.
         Starting Initial cloud-init job (metadata service crawler)...
[   13.324872] cloud-init[618]: Cloud-init v. 18.4-0ubuntu1~18.04.1 running 'init' at Mon, 05 Nov 2018 17:44:06 +0000. Up 11.47 seconds.
[   13.412971] cloud-init[618]: ci-info: ++++++++++++++++++++++++++++++++++++++Net device info++++++++++++++++++++++++++++++++++++++
[   13.464084] cloud-init[618]: ci-info: +--------+------+----------------------------+---------------+--------+-------------------+
[   13.466506] cloud-init[618]: ci-info: | Device |  Up  |          Address           |      Mask     | Scope  |     Hw-Address    |
[   13.468871] cloud-init[618]: ci-info: +--------+------+----------------------------+---------------+--------+-------------------+
[   13.486208] [[0;32m  OK  [0m] Started Initial cloud-init job (metadata service crawler).
[[0;32m  OK  [0m] Reached target Cloud-config availability.
[[0;32m  OK  [0m] Reached target System Initialization.
[[0;32m  OK  [0m] Started Daily Cleanup of Temporary Directories.
[[0;32m  OK  [0m] Listening on ACPID Listen Socket.
cloud-init[618]: ci-info: | enp0s3 | True |         10.0.2.15          | 255.255.255.0 | global | 02:84:d8:33:f5:88 |
[   13.516590] cloud-init[618]: ci-info: | enp0s3 | True | fe80::84:d8ff:fe33:f588/64 |       .       |  link  | 02:84:d8:33:f5:88 |
[[0;32m  OK  [0m] Started ACPI Events Check.
[[0;32m  OK  [0m] Listening on UUID daemon activation socket.
[   13.531648] [[0;32m  OK  [0m] Started Message of the Day.
[[0;32m  OK  [0m] Started Discard unused blocks once a week.
cloud-init[618]: ci-info: |   lo   | True |         127.0.0.1          |   255.0.0.0   |  host  |         .         |         Starting LXD - unix socket.
[[0;32m  OK  [0m] Listening on D-Bus System Message Bus Socket.
[[0;32m  OK  [0m] Started Daily apt download activities.
[[0;32m  OK  [0m] Started Daily apt upgrade and clean activities.
[[0;32m  OK  [0m] Reached target Timers.
[[0;32m  OK  [0m] Reached target Paths.

[   13.551946] cloud-init[618]: ci-info: |   lo   | True |          ::1/128           |       .       |  host  |         .         |
[   13.552181] cloud-init[618]: ci-info: +--------+------+----------------------------+---------------+--------+-------------------+
[[0;32m  OK  [0m] Listening on Open-iSCSI iscsid Socket.
         Starting Socket activation for snappy daemon.
[   13.554946] cloud-init[618]: ci-info: ++++++++++++++++++++++++++++Route IPv4 info+++++++++++++++++++++++++++++
[[0;32m  OK  [0m] Reached target Network is Online.
[   13.750249] cloud-init[618]: ci-info: +-------+-------------+----------+-----------------+-----------+-------+
[[0;32m  OK  [0m] Reached target Remote File Systems (Pre).
[   13.760937] cloud-init[618]: ci-info: | Route | Destination | Gateway  |     Genmask     | Interface | Flags |
[[0;32m  OK  [0m] Reached target Remote File Systems.
[   13.761905] cloud-init[618]: ci-info: +-------+-------------+----------+-----------------+-----------+-------+
[   13.879877] cloud-init[618]: ci-info: |   0   |   0.0.0.0   | 10.0.2.2 |     0.0.0.0     |   enp0s3  |   UG  |
[   13.921761] cloud-init[618]: ci-info: |   1   |   10.0.2.0  | 0.0.0.0  |  255.255.255.0  |   enp0s3  |   U   |
[   13.976301] cloud-init[618]: ci-info: |   2   |   10.0.2.2  | 0.0.0.0  | 255.255.255.255 |   enp0s3  |   UH  |
         [   14.144650] cloud-init[618]: ci-info: +-------+-------------+----------+-----------------+-----------+-------+
[   14.144741] cloud-init[618]: ci-info: +++++++++++++++++++Route IPv6 info+++++++++++++++++++
[   14.144809] cloud-init[618]: ci-info: +-------+-------------+---------+-----------+-------+
[   14.144868] cloud-init[618]: ci-info: | Route | Destination | Gateway | Interface | Flags |
[   14.144922] cloud-init[618]: ci-info: +-------+-------------+---------+-----------+-------+
[   14.144982] cloud-init[618]: ci-info: |   1   |  fe80::/64  |    ::   |   enp0s3  |   U   |
Starting Availability of block devices...
[   14.148298] cloud-init[618]: ci-info: |   3   |    local    |    ::   |   enp0s3  |   U   |
[[0;32m  OK  [0m[   14.788657] cloud-init[618]: ci-info: |   4   |   ff00::/8  |    ::   |   enp0s3  |   U   |
[   14.788746] cloud-init[618]: ci-info: +-------+-------------+---------+-----------+-------+
[   14.788932] cloud-init[618]: Generating public/private rsa key pair.
[   14.789282] cloud-init[618]: Your identification has been saved in /etc/ssh/ssh_host_rsa_key.
[   14.789452] cloud-init[618]: Your public key has been saved in /etc/ssh/ssh_host_rsa_key.pub.
[   14.789784] cloud-init[618]: The key fingerprint is:
[   14.789959] cloud-init[618]: SHA256:v6PlDkxTrXxX5gvd2NIWfcEp8UslCFRzu+Egmd7VbpU root@ubuntu-bionic
[   14.790142] cloud-init[618]: The key's randomart image is:
[   14.790311] cloud-init[618]: +---[RSA 2048]----+
[   14.790482] cloud-init[618]: |         .oooo=.o|
[   14.790662] cloud-init[618]: |           +.+.*=|
[   14.790826] cloud-init[618]: |          = o =EB|
[   14.790995] cloud-init[618]: |         + + +o@*|
[   14.791171] cloud-init[618]: |        S + o.*oO|
] Listening on LXD - unix socket.
[   14.791353] cloud-init[618]: |       o o . ..+.|
[[   15.192341] cloud-init[618]: |        o o    . |
[   15.192483] cloud-init[618]: |         +..     |
[0;32m  OK  [0m] Listening on Socket activation for snappy daemon.
[   15.192678] cloud-init[618]: |        .o+.     |
[[   15.216762] cloud-init[618]: +----[SHA256]-----+
[   15.216860] cloud-init[618]: Generating public/private dsa key pair.
[0;32m  OK  [0m] Started Availability of block devices.
[   15.216994] cloud-init[618]: Your identification has been saved in /etc/ssh/ssh_host_dsa_key.
[[   15.284218] cloud-init[618]: Your public key has been saved in /etc/ssh/ssh_host_dsa_key.pub.
[   15.284354] cloud-init[618]: The key fingerprint is:
[   15.284693] cloud-init[618]: SHA256:M5Pu2HyvVC5KkuIr08GNY1peyNqDKlPOh1lt0lXgdNc root@ubuntu-bionic
[   15.284998] cloud-init[618]: The key's randomart image is:
[   15.285334] cloud-init[618]: +---[DSA 1024]----+
[   15.285624] cloud-init[618]: |        o.. ..   |
[   15.285961] cloud-init[618]: |       o ...  E  |
[   15.286272] cloud-init[618]: |        ..       |
[   15.286575] cloud-init[618]: |        ..       |
[   15.286875] cloud-init[618]: |   o * .S   .    |
[   15.290179] cloud-init[618]: |  . % *o + o     |
[   15.290246] cloud-init[618]: | + &.*o o o .    |
[   15.290302] cloud-init[618]: |o @.*. B o..     |
[   15.290364] cloud-init[618]: |oo +oo. =..o.    |
[   15.290414] cloud-init[618]: +----[SHA256]-----+
[   15.290464] cloud-init[618]: Generating public/private ecdsa key pair.
[   15.290517] cloud-init[618]: Your identification has been saved in /etc/ssh/ssh_host_ecdsa_key.
[   15.290574] cloud-init[618]: Your public key has been saved in /etc/ssh/ssh_host_ecdsa_key.pub.
[   15.290627] cloud-init[618]: The key fingerprint is:
[   15.290676] cloud-init[618]: SHA256:dEifB7j3lxoGUqnLPq67vvPtQW1Q7N9ajCT6orqYRdc root@ubuntu-bionic
[   15.290729] cloud-init[618]: The key's randomart image is:
[   15.290780] cloud-init[618]: +---[ECDSA 256]---+
[   15.290835] cloud-init[618]: |        ...o.    |
[   15.290888] cloud-init[618]: |       ..oo+.    |
[   15.290937] cloud-init[618]: |        o+=..    |
[   15.290989] cloud-init[618]: |       .+oo+o .  |
[   15.291049] cloud-init[618]: |      ..S+E+o+ = |
[   15.291212] cloud-init[618]: |     . .o...+ = +|
[0;32m  OK  [0m] Reached target Sockets.
[   15.291271] cloud-init[618]: |      ..  .o + o |
[[0;32m  OK  [0m[   15.836270] ] cloud-initReached target Basic System.[618]: 
|     +. o...o .  |
[[   15.865423] cloud-init[618]: |    o.O@++o.     |
[   15.865592] cloud-init[618]: +----[SHA256]-----+
[   15.866446] cloud-init[618]: Generating public/private ed25519 key pair.
[   15.867447] cloud-init[618]: Your identification has been saved in /etc/ssh/ssh_host_ed25519_key.
[   15.870897] cloud-init[618]: Your public key has been saved in /etc/ssh/ssh_host_ed25519_key.pub.
[   15.876060] cloud-init[618]: The key fingerprint is:
[   15.881168] cloud-init[618]: SHA256:ceRvRfLZox+N4/KroQjWNhPQWJs7/cVnAVnLwfMMcsc root@ubuntu-bionic
[   15.881255] cloud-init[618]: The key's randomart image is:
[0;32m  OK  [0m] Started irqbalance daemon.
[   15.881394] cloud-init[618]: +--[ED25519 256]--+
[   15.936370] cloud-init[618]: |        . . ..=+ |
[   15.966579] cloud-init[618]: |       + =  .===E|
         Starting Virtualbox guest utils...
[   15.984735] cloud-init[618]: |      o = o  o+O+|
[[0;32m  OK  [0m[   16.028465] cloud-init[618]: |       . = . o..*|
[   16.028962] cloud-init[618]: |        S . o.=.+|
[   16.029233] cloud-init[618]: |       . o o o.+.|
] Started Deferred execution scheduler.
[   16.029554] cloud-init[618]: |      o =   + .. |
[   16.034539] cloud-init[618]: |     . o + . +   |
[   16.036800] cloud-init[618]: |        . . ..o. |
[   16.038726] cloud-init[618]: +----[SHA256]-----+
         Starting Dispatcher daemon for systemd-networkd...
         Starting Accounts Service...
         Starting LSB: automatic crash report generation...
[[0;32m  OK  [0m] Started FUSE filesystem for LXC.
[[0;32m  OK  [0m] Started D-Bus System Message Bus.
         Starting Pollinate to seed the pseudo random number generator...
         Starting Login Service...
         Starting System Logging Service...
         Starting LSB: Record successful boot for GRUB...
         Starting Snappy daemon...
         Starting Permit User Sessions...
[[0;32m  OK  [0m] Started Unattended Upgrades Shutdown.
[[0;32m  OK  [0m] Started Regular background program processing daemon.
         Starting LXD - container startup/shutdown...
[[0;32m  OK  [0m] Started System Logging Service.
[[0;32m  OK  [0m] Started Permit User Sessions.
[[0;32m  OK  [0m] Started Login Service.
         Starting Authorization Manager...
         Starting Terminate Plymouth Boot Screen...
         Starting Hold until boot process finishes up...
[[0;32m  OK  [0m] Started Hold until boot process finishes up.
[[0;32m  OK  [0m] Started Terminate Plymouth Boot Screen.
[[0;32m  OK  [0m] Started Serial Getty on ttyS0.
         Starting Set console scheme...
[[0;32m  OK  [0m] Started LSB: automatic crash report generation.
[[0;32m  OK  [0m] Started Dispatcher daemon for systemd-networkd.
[[0;32m  OK  [0m] Started LSB: Record successful boot for GRUB.
[[0;32m  OK  [0m] Started Set console scheme.
[[0;32m  OK  [0m] Created slice system-getty.slice.
[[0;32m  OK  [0m] Started Getty on tty1.
[[0;32m  OK  [0m] Reached target Login Prompts.
[[0;32m  OK  [0m] Started Authorization Manager.
[[0;32m  OK  [0m] Started Accounts Service.
[[0;32m  OK  [0m] Started LXD - container startup/shutdown.
[[0;32m  OK  [0m] Started Snappy daemon.
         Starting Wait until snapd is fully seeded...
[[0;32m  OK  [0m] Started Virtualbox guest utils.
[[0;32m  OK  [0m] Started Pollinate to seed the pseudo random number generator.
         Starting OpenBSD Secure Shell server...
[[0;32m  OK  [0m] Started OpenBSD Secure Shell server.
[[0;32m  OK  [0m] Created slice User Slice of vagrant.
         Starting User Manager for UID 1000...
[[0;32m  OK  [0m] Started Session 1 of user vagrant.
[[0;32m  OK  [0m] Started User Manager for UID 1000.

Ubuntu 18.04.1 LTS ubuntu-bionic ttyS0

ubuntu-bionic login: [   27.629193] cloud-init[1502]: Cloud-init v. 18.4-0ubuntu1~18.04.1 running 'modules:config' at Mon, 05 Nov 2018 17:44:22 +0000. Up 27.25 seconds.
ci-info: no authorized ssh keys fingerprints found for user ubuntu.
<14>Nov  5 17:44:23 ec2: 
<14>Nov  5 17:44:23 ec2: #############################################################
<14>Nov  5 17:44:23 ec2: -----BEGIN SSH HOST KEY FINGERPRINTS-----
<14>Nov  5 17:44:23 ec2: 1024 SHA256:M5Pu2HyvVC5KkuIr08GNY1peyNqDKlPOh1lt0lXgdNc root@ubuntu-bionic (DSA)
<14>Nov  5 17:44:23 ec2: 256 SHA256:dEifB7j3lxoGUqnLPq67vvPtQW1Q7N9ajCT6orqYRdc root@ubuntu-bionic (ECDSA)
<14>Nov  5 17:44:23 ec2: 256 SHA256:ceRvRfLZox+N4/KroQjWNhPQWJs7/cVnAVnLwfMMcsc root@ubuntu-bionic (ED25519)
<14>Nov  5 17:44:23 ec2: 2048 SHA256:v6PlDkxTrXxX5gvd2NIWfcEp8UslCFRzu+Egmd7VbpU root@ubuntu-bionic (RSA)
<14>Nov  5 17:44:23 ec2: -----END SSH HOST KEY FINGERPRINTS-----
<14>Nov  5 17:44:23 ec2: #############################################################
-----BEGIN SSH HOST KEY KEYS-----
ecdsa-sha2-nistp256 AAAAE2VjZHNhLXNoYTItbmlzdHAyNTYAAAAIbmlzdHAyNTYAAABBBCd6vezMtQ6iQIqgO8+ooSu5FmUsdqk7wyKjOhU1e/bAhS+QdHLgs3exAlSwG0xXG38xjxIHwMNRyVhg2eULbl0= root@ubuntu-bionic
ssh-ed25519 AAAAC3NzaC1lZDI1NTE5AAAAIPmGKqO7mEU7JuG7gviz7Uwapa8ubqCtQVeXq2yIjv/K root@ubuntu-bionic
ssh-rsa AAAAB3NzaC1yc2EAAAADAQABAAABAQDc5VCLLj+Weyw7rPYFp3zffvglmjudPuukaSVzlLx62otsxD10oYCckLCiEl6VYZqOrwFFIjvx0x+MLRcKULyFdQF/vfml0VWr9TwTfqo9Ab6VUKcyIyefb2xTA7CPl2hDkT6cNJC7cnjDvStL5v6kA9z2EK89w9avypMtVAvd9w8y2qs/BCHKraC1zqckkH440teEhMu97WnMWyIF7ScJZ/opULA3vzNk3MVl8O1CPtWGphDMUTaplULQw+hD7jd/69CllCJDk/d7dHJBOw73XSngEB86CWuZqdIyUhmEGhindORsGdRIwjs3pq/mb0VODnj6cG187kZ45etdV48d root@ubuntu-bionic
-----END SSH HOST KEY KEYS-----
[   28.219533] cloud-init[1610]: Cloud-init v. 18.4-0ubuntu1~18.04.1 running 'modules:final' at Mon, 05 Nov 2018 17:44:23 +0000. Up 28.08 seconds.
[   28.219627] cloud-init[1610]: ci-info: no authorized ssh keys fingerprints found for user ubuntu.
[   28.219695] cloud-init[1610]: Cloud-init v. 18.4-0ubuntu1~18.04.1 finished at Mon, 05 Nov 2018 17:44:23 +0000. Datasource DataSourceNoCloud [seed=/dev/sdb][dsmode=net].  Up 28.20 seconds
